<?xml version="1.0" encoding="UTF-8"?>
<testsuite xmlns:xsi="http://www.w3.org/2001/XMLSchema-instance" xsi:noNamespaceSchemaLocation="https://maven.apache.org/surefire/maven-surefire-plugin/xsd/surefire-test-report.xsd" version="3.0.2" name="com.microservice.firebasemicroservice.FirebasemicroserviceApplicationTests" time="6.922" tests="1" errors="0" skipped="0" failures="0">
  <properties>
[...]
</properties>
  <testcase name="contextLoads" classname="com.microservice.firebasemicroservice.FirebasemicroserviceApplicationTests" time="1.32">
    <system-out><![CDATA[Standard Commons Logging discovery in action with spring-jcl: please remove commons-logging.jar from classpath in order to avoid potential conflicts
16:07:23.904 [main] INFO org.springframework.test.context.support.AnnotationConfigContextLoaderUtils -- Could not detect default configuration classes for test class [com.microservice.firebasemicroservice.FirebasemicroserviceApplicationTests]: FirebasemicroserviceApplicationTests does not declare any static, non-private, non-final, nested classes annotated with @Configuration.
16:07:24.145 [main] INFO org.springframework.boot.test.context.SpringBootTestContextBootstrapper -- Found @SpringBootConfiguration com.microservice.firebasemicroservice.FirebasemicroserviceApplication for test class com.microservice.firebasemicroservice.FirebasemicroserviceApplicationTests

  .   ____          _            __ _ _
 /\\ / ___'_ __ _ _(_)_ __  __ _ \ \ \ \
( ( )\___ | '_ | '_| | '_ \/ _` | \ \ \ \
 \\/  ___)| |_)| | | | | || (_| |  ) ) ) )
  '  |____| .__|_| |_|_| |_\__, | / / / /
 =========|_|==============|___/=/_/_/_/

 :: Spring Boot ::                (v3.5.4)

2025-08-16T16:07:25.256-06:00  INFO 12808 --- [firebasemicroservice] [           main] m.f.FirebasemicroserviceApplicationTests : Starting FirebasemicroserviceApplicationTests using Java 17.0.11 with PID 12808 (started by fernandoBlanco in D:\blanc\BackendProjects\firebasemicroservice)
2025-08-16T16:07:25.260-06:00  INFO 12808 --- [firebasemicroservice] [           main] m.f.FirebasemicroserviceApplicationTests : No active profile set, falling back to 1 default profile: "default"
2025-08-16T16:07:29.151-06:00  INFO 12808 --- [firebasemicroservice] [           main] m.f.FirebasemicroserviceApplicationTests : Started FirebasemicroserviceApplicationTests in 4.621 seconds (process running for 7.074)
]]></system-out>
  </testcase>
</testsuite>